[ 2017-07-11T08:44:50+08:00 ] 192.168.1.29 /images/member/scrollbar_thumbBG.png
INFO: [ app_init ] --START--
INFO: Run Behavior\BuildLiteBehavior [ RunTime:0.000020s ]
INFO: [ app_init ] --END-- [ RunTime:0.000457s ]
ERR: 无法加载模块:Images

[ 2017-07-11T08:44:51+08:00 ] 192.168.1.29 /images/member/scrollbar_thumbBG.png
INFO: [ app_init ] --START--
INFO: Run Behavior\BuildLiteBehavior [ RunTime:0.000017s ]
INFO: [ app_init ] --END-- [ RunTime:0.000410s ]
ERR: 无法加载模块:Images

[ 2017-07-11T08:44:54+08:00 ] 192.168.1.29 /favicon.ico
INFO: [ app_init ] --START--
INFO: Run Behavior\BuildLiteBehavior [ RunTime:0.000018s ]
INFO: [ app_init ] --END-- [ RunTime:0.000479s ]
ERR: 无法加载模块:Favicon

[ 2017-07-11T10:49:35+08:00 ] 192.168.1.29 /favicon.ico
INFO: [ app_init ] --START--
INFO: Run Behavior\BuildLiteBehavior [ RunTime:0.000023s ]
INFO: [ app_init ] --END-- [ RunTime:0.029586s ]
ERR: 无法加载模块:Favicon

[ 2017-07-11T14:16:44+08:00 ] 192.168.1.29 /images/member/scrollbar_thumbBG.png
INFO: [ app_init ] --START--
INFO: Run Behavior\BuildLiteBehavior [ RunTime:0.000121s ]
INFO: [ app_init ] --END-- [ RunTime:0.000829s ]
ERR: 无法加载模块:Images

[ 2017-07-11T14:16:48+08:00 ] 192.168.1.29 /favicon.ico
INFO: [ app_init ] --START--
INFO: Run Behavior\BuildLiteBehavior [ RunTime:0.000017s ]
INFO: [ app_init ] --END-- [ RunTime:0.000381s ]
ERR: 无法加载模块:Favicon

[ 2017-07-11T14:38:50+08:00 ] 192.168.1.33 /images/member/scrollbar_thumbBG.png
INFO: [ app_init ] --START--
INFO: Run Behavior\BuildLiteBehavior [ RunTime:0.000020s ]
INFO: [ app_init ] --END-- [ RunTime:0.000416s ]
ERR: 无法加载模块:Images

[ 2017-07-11T14:38:50+08:00 ] 192.168.1.33 /images/member/scrollbar_thumbBG.png
INFO: [ app_init ] --START--
INFO: Run Behavior\BuildLiteBehavior [ RunTime:0.000018s ]
INFO: [ app_init ] --END-- [ RunTime:0.000394s ]
ERR: 无法加载模块:Images

[ 2017-07-11T15:27:14+08:00 ] 192.168.1.29 /favicon.ico
INFO: [ app_init ] --START--
INFO: Run Behavior\BuildLiteBehavior [ RunTime:0.000019s ]
INFO: [ app_init ] --END-- [ RunTime:0.000560s ]
ERR: 无法加载模块:Favicon

[ 2017-07-11T15:33:03+08:00 ] 192.168.1.29 /images/member/scrollbar_thumbBG.png
INFO: [ app_init ] --START--
INFO: Run Behavior\BuildLiteBehavior [ RunTime:0.000020s ]
INFO: [ app_init ] --END-- [ RunTime:0.000464s ]
ERR: 无法加载模块:Images

[ 2017-07-11T15:33:04+08:00 ] 192.168.1.29 /images/member/scrollbar_thumbBG.png
INFO: [ app_init ] --START--
INFO: Run Behavior\BuildLiteBehavior [ RunTime:0.000021s ]
INFO: [ app_init ] --END-- [ RunTime:0.000500s ]
ERR: 无法加载模块:Images

[ 2017-07-11T16:09:01+08:00 ] 192.168.1.29 /favicon.ico
INFO: [ app_init ] --START--
INFO: Run Behavior\BuildLiteBehavior [ RunTime:0.000021s ]
INFO: [ app_init ] --END-- [ RunTime:0.000713s ]
ERR: 无法加载模块:Favicon

[ 2017-07-11T16:23:31+08:00 ] 192.168.1.29 /favicon.ico
INFO: [ app_init ] --START--
INFO: Run Behavior\BuildLiteBehavior [ RunTime:0.000031s ]
INFO: [ app_init ] --END-- [ RunTime:0.001075s ]
ERR: 无法加载模块:Favicon

[ 2017-07-11T17:12:20+08:00 ] 192.168.1.29 /favicon.ico
INFO: [ app_init ] --START--
INFO: Run Behavior\BuildLiteBehavior [ RunTime:0.000021s ]
INFO: [ app_init ] --END-- [ RunTime:0.000676s ]
ERR: 无法加载模块:Favicon

[ 2017-07-11T19:51:43+08:00 ] 192.168.1.29 /favicon.ico
INFO: [ app_init ] --START--
INFO: Run Behavior\BuildLiteBehavior [ RunTime:0.000019s ]
INFO: [ app_init ] --END-- [ RunTime:0.000429s ]
ERR: 无法加载模块:Favicon

[ 2017-07-11T20:17:19+08:00 ] 192.168.1.29 /favicon.ico
INFO: [ app_init ] --START--
INFO: Run Behavior\BuildLiteBehavior [ RunTime:0.000018s ]
INFO: [ app_init ] --END-- [ RunTime:0.000426s ]
ERR: 无法加载模块:Favicon

[ 2017-07-11T20:17:22+08:00 ] 192.168.1.29 /favicon.ico
INFO: [ app_init ] --START--
INFO: Run Behavior\BuildLiteBehavior [ RunTime:0.000019s ]
INFO: [ app_init ] --END-- [ RunTime:0.000414s ]
ERR: 无法加载模块:Favicon

[ 2017-07-11T20:17:41+08:00 ] 192.168.1.29 /images/member/scrollbar_thumbBG.png
INFO: [ app_init ] --START--
INFO: Run Behavior\BuildLiteBehavior [ RunTime:0.000021s ]
INFO: [ app_init ] --END-- [ RunTime:0.000818s ]
ERR: 无法加载模块:Images

[ 2017-07-11T20:17:43+08:00 ] 192.168.1.29 /images/member/scrollbar_thumbBG.png
INFO: [ app_init ] --START--
INFO: Run Behavior\BuildLiteBehavior [ RunTime:0.000018s ]
INFO: [ app_init ] --END-- [ RunTime:0.000422s ]
ERR: 无法加载模块:Images

[ 2017-07-11T20:27:46+08:00 ] 192.168.1.29 /favicon.ico
INFO: [ app_init ] --START--
INFO: Run Behavior\BuildLiteBehavior [ RunTime:0.000018s ]
INFO: [ app_init ] --END-- [ RunTime:0.000569s ]
ERR: 无法加载模块:Favicon

[ 2017-07-11T20:31:41+08:00 ] 192.168.1.29 /images/member/scrollbar_thumbBG.png
INFO: [ app_init ] --START--
INFO: Run Behavior\BuildLiteBehavior [ RunTime:0.000019s ]
INFO: [ app_init ] --END-- [ RunTime:0.000413s ]
ERR: 无法加载模块:Images

[ 2017-07-11T20:31:41+08:00 ] 192.168.1.29 /images/member/scrollbar_thumbBG.png
INFO: [ app_init ] --START--
INFO: Run Behavior\BuildLiteBehavior [ RunTime:0.000019s ]
INFO: [ app_init ] --END-- [ RunTime:0.000413s ]
ERR: 无法加载模块:Images

[ 2017-07-11T21:25:32+08:00 ] 192.168.1.29 /favicon.ico
INFO: [ app_init ] --START--
INFO: Run Behavior\BuildLiteBehavior [ RunTime:0.000022s ]
INFO: [ app_init ] --END-- [ RunTime:0.001172s ]
ERR: 无法加载模块:Favicon

[ 2017-07-11T21:25:35+08:00 ] 192.168.1.29 /favicon.ico
INFO: [ app_init ] --START--
INFO: Run Behavior\BuildLiteBehavior [ RunTime:0.000019s ]
INFO: [ app_init ] --END-- [ RunTime:0.000506s ]
ERR: 无法加载模块:Favicon

[ 2017-07-11T21:25:40+08:00 ] 192.168.1.29 /favicon.ico
INFO: [ app_init ] --START--
INFO: Run Behavior\BuildLiteBehavior [ RunTime:0.000020s ]
INFO: [ app_init ] --END-- [ RunTime:0.000567s ]
ERR: 无法加载模块:Favicon

[ 2017-07-11T21:25:44+08:00 ] 192.168.1.29 /favicon.ico
INFO: [ app_init ] --START--
INFO: Run Behavior\BuildLiteBehavior [ RunTime:0.000017s ]
INFO: [ app_init ] --END-- [ RunTime:0.000388s ]
ERR: 无法加载模块:Favicon

[ 2017-07-11T21:39:22+08:00 ] 192.168.1.29 /favicon.ico
INFO: [ app_init ] --START--
INFO: Run Behavior\BuildLiteBehavior [ RunTime:0.000035s ]
INFO: [ app_init ] --END-- [ RunTime:0.002311s ]
ERR: 无法加载模块:Favicon

